<?xml version="1.0" encoding="UTF-8"?>
<testsuite name="com.bl.quantitymeasurement.controller.QuantityMeasurementControllerTest" tests="1" skipped="0" failures="0" errors="0" timestamp="2020-07-06T14:15:32" hostname="DESKTOP-QIO4ADF" time="5.789">
  <properties/>
  <testcase name="givenQuantityMeasurement_WhenCallSubUnit_ThenReturnListOfUnits" classname="com.bl.quantitymeasurement.controller.QuantityMeasurementControllerTest" time="5.789"/>
  <system-out><![CDATA[19:45:36.164 [Test worker] DEBUG org.springframework.test.util.ReflectionTestUtils - Setting field 'quantityMeasurementService' of type [null] on target object [com.bl.quantitymeasurement.controller.QuantityMeasurementController@17d5c977] or target class [class com.bl.quantitymeasurement.controller.QuantityMeasurementController] to value [quantityMeasurementService]
19:45:37.149 [Test worker] DEBUG org.springframework.web.servlet.mvc.method.annotation.RequestMappingHandlerMapping - 2 mappings in <unknown>
19:45:37.562 [Test worker] DEBUG org.springframework.web.servlet.mvc.method.annotation.RequestMappingHandlerAdapter - ControllerAdvice beans: 0 @ModelAttribute, 0 @InitBinder, 1 RequestBodyAdvice, 1 ResponseBodyAdvice
19:45:37.713 [Test worker] DEBUG org.springframework.web.servlet.mvc.method.annotation.ExceptionHandlerExceptionResolver - ControllerAdvice beans: 0 @ExceptionHandler, 1 ResponseBodyAdvice
19:45:37.863 [Test worker] INFO org.springframework.mock.web.MockServletContext - Initializing Spring TestDispatcherServlet ''
19:45:37.863 [Test worker] INFO org.springframework.test.web.servlet.TestDispatcherServlet - Initializing Servlet ''
19:45:37.897 [Test worker] DEBUG org.springframework.test.web.servlet.TestDispatcherServlet - Detected AcceptHeaderLocaleResolver
19:45:37.908 [Test worker] DEBUG org.springframework.test.web.servlet.TestDispatcherServlet - Detected FixedThemeResolver
19:45:37.921 [Test worker] DEBUG org.springframework.test.web.servlet.TestDispatcherServlet - Detected org.springframework.web.servlet.view.DefaultRequestToViewNameTranslator@6caf6e31
19:45:37.922 [Test worker] DEBUG org.springframework.test.web.servlet.TestDispatcherServlet - Detected org.springframework.web.servlet.support.SessionFlashMapManager@9129fea
19:45:37.923 [Test worker] DEBUG org.springframework.test.web.servlet.TestDispatcherServlet - enableLoggingRequestDetails='false': request parameters and headers will be masked to prevent unsafe logging of potentially sensitive data
19:45:37.924 [Test worker] INFO org.springframework.test.web.servlet.TestDispatcherServlet - Completed initialization in 61 ms
19:45:38.381 [Test worker] DEBUG org.springframework.test.web.servlet.TestDispatcherServlet - GET "/quantity/subUnits/Length", parameters={}
19:45:38.400 [Test worker] DEBUG org.springframework.web.servlet.mvc.method.annotation.RequestMappingHandlerMapping - Mapped to com.bl.quantitymeasurement.controller.QuantityMeasurementController#conversion(BaseUnit)
19:45:38.536 [Test worker] DEBUG org.springframework.web.servlet.mvc.method.annotation.RequestResponseBodyMethodProcessor - Using 'application/json', given [*/*] and supported [application/json, application/*+json]
19:45:38.538 [Test worker] DEBUG org.springframework.web.servlet.mvc.method.annotation.RequestResponseBodyMethodProcessor - Writing [[Feet, Inch]]
19:45:38.568 [Test worker] DEBUG org.springframework.test.web.servlet.TestDispatcherServlet - Completed 200 OK
]]></system-out>
  <system-err><![CDATA[]]></system-err>
</testsuite>
